<?xml version="1.0" encoding="UTF-8"?>
<!-- Generated by org.testng.reporters.JUnitXMLReporter -->
<testsuite hostname="KS20L071" name="Default test" tests="5" failures="0" timestamp="5 Apr 2021 15:12:04 GMT" time="11.704" errors="0">
  <testcase name="SearchItem" time="2.883" classname="AmazonUsingTestng.OrderPhone_UsingTestng"/>
  <testcase name="newWindow" time="0.131" classname="AmazonUsingTestng.OrderPhone_UsingTestng"/>
  <testcase name="AddItemToCart" time="3.923" classname="AmazonUsingTestng.OrderPhone_UsingTestng"/>
  <testcase name="OpenCart" time="3.224" classname="AmazonUsingTestng.OrderPhone_UsingTestng"/>
  <testcase name="CLickPRoceddtoBuy" time="1.532" classname="AmazonUsingTestng.OrderPhone_UsingTestng"/>
</testsuite> <!-- Default test -->
