<?xml version="1.0" encoding="UTF-8"?>
<!-- Generated by org.testng.reporters.JUnitXMLReporter -->
<testsuite hostname="KS20L071" name="OrderPhone" tests="5" failures="0" timestamp="5 Apr 2021 16:27:25 GMT" time="11.469" errors="0">
  <testcase name="SearchItem" time="2.355" classname="AmazonUsingTestng.OrderPhone_UsingTestng"/>
  <testcase name="newWindow" time="0.046" classname="AmazonUsingTestng.OrderPhone_UsingTestng"/>
  <testcase name="AddItemToCart" time="3.402" classname="AmazonUsingTestng.OrderPhone_UsingTestng"/>
  <testcase name="OpenCart" time="3.649" classname="AmazonUsingTestng.OrderPhone_UsingTestng"/>
  <testcase name="ClickProceedtoBuy" time="2.004" classname="AmazonUsingTestng.OrderPhone_UsingTestng"/>
</testsuite> <!-- OrderPhone -->
